<?xml version="1.0" encoding="UTF-8"?>
<!-- Generated by org.testng.reporters.JUnitXMLReporter -->
<testsuite ignored="0" hostname="DESKTOP-0M104V6" failures="1" tests="1" name="Test" time="82.975" errors="0" timestamp="2023-02-02T09:57:00 IST">
  <testcase classname="com.nopcommerce.tests.NopCommerceTestCase" name="verifyregistration" time="73.412">
    <failure type="java.lang.AssertionError" message="expected [true] but found [false]">
      <![CDATA[java.lang.AssertionError: expected [true] but found [false]
at com.nopcommerce.tests.NopCommerceTestCase.verifyregistration(NopCommerceTestCase.java:64)
at java.base/java.util.ArrayList.forEach(ArrayList.java:1511)
... Removed 29 stack frames]]>
    </failure>
  </testcase> <!-- verifyregistration -->
</testsuite> <!-- Test -->
