<?xml version="1.0" encoding="UTF-8"?>
<testng-results ignored="0" total="1" passed="0" failed="1" skipped="0">
  <reporter-output>
  </reporter-output>
  <suite started-at="2023-02-02T09:55:37 IST" name="Suite" finished-at="2023-02-02T09:57:00 IST" duration-ms="82975">
    <groups>
    </groups>
    <test started-at="2023-02-02T09:55:37 IST" name="Test" finished-at="2023-02-02T09:57:00 IST" duration-ms="82975">
      <class name="com.nopcommerce.tests.NopCommerceTestCase">
        <test-method is-config="true" signature="loadconfig()[pri:0, instance:com.nopcommerce.tests.NopCommerceTestCase@4567f35d]" started-at="2023-02-02T09:55:37 IST" name="loadconfig" finished-at="2023-02-02T09:55:37 IST" duration-ms="26" status="PASS">
          <reporter-output>
          </reporter-output>
        </test-method> <!-- loadconfig -->
        <test-method is-config="true" signature="openingBrowsers()[pri:0, instance:com.nopcommerce.tests.NopCommerceTestCase@4567f35d]" started-at="2023-02-02T09:55:37 IST" name="openingBrowsers" finished-at="2023-02-02T09:55:46 IST" duration-ms="8782" status="PASS">
          <reporter-output>
          </reporter-output>
        </test-method> <!-- openingBrowsers -->
        <test-method signature="verifyregistration()[pri:4, instance:com.nopcommerce.tests.NopCommerceTestCase@4567f35d]" started-at="2023-02-02T09:55:46 IST" name="verifyregistration" finished-at="2023-02-02T09:57:00 IST" duration-ms="73412" status="FAIL">
          <exception class="java.lang.AssertionError">
            <message>
              <![CDATA[expected [true] but found [false]]]>
            </message>
            <full-stacktrace>
              <![CDATA[java.lang.AssertionError: expected [true] but found [false]
at org.testng.Assert.fail(Assert.java:99)
at org.testng.Assert.failNotEquals(Assert.java:1037)
at org.testng.Assert.assertTrue(Assert.java:45)
at org.testng.Assert.assertTrue(Assert.java:55)
at com.nopcommerce.tests.NopCommerceTestCase.verifyregistration(NopCommerceTestCase.java:64)
at java.base/jdk.internal.reflect.DirectMethodHandleAccessor.invoke(DirectMethodHandleAccessor.java:104)
at java.base/java.lang.reflect.Method.invoke(Method.java:578)
at org.testng.internal.MethodInvocationHelper.invokeMethod(MethodInvocationHelper.java:133)
at org.testng.internal.TestInvoker.invokeMethod(TestInvoker.java:598)
at org.testng.internal.TestInvoker.invokeTestMethod(TestInvoker.java:173)
at org.testng.internal.MethodRunner.runInSequence(MethodRunner.java:46)
at org.testng.internal.TestInvoker$MethodInvocationAgent.invoke(TestInvoker.java:824)
at org.testng.internal.TestInvoker.invokeTestMethods(TestInvoker.java:146)
at org.testng.internal.TestMethodWorker.invokeTestMethods(TestMethodWorker.java:146)
at org.testng.internal.TestMethodWorker.run(TestMethodWorker.java:128)
at java.base/java.util.ArrayList.forEach(ArrayList.java:1511)
at org.testng.TestRunner.privateRun(TestRunner.java:794)
at org.testng.TestRunner.run(TestRunner.java:596)
at org.testng.SuiteRunner.runTest(SuiteRunner.java:377)
at org.testng.SuiteRunner.runSequentially(SuiteRunner.java:371)
at org.testng.SuiteRunner.privateRun(SuiteRunner.java:332)
at org.testng.SuiteRunner.run(SuiteRunner.java:276)
at org.testng.SuiteRunnerWorker.runSuite(SuiteRunnerWorker.java:53)
at org.testng.SuiteRunnerWorker.run(SuiteRunnerWorker.java:96)
at org.testng.TestNG.runSuitesSequentially(TestNG.java:1212)
at org.testng.TestNG.runSuitesLocally(TestNG.java:1134)
at org.testng.TestNG.runSuites(TestNG.java:1063)
at org.testng.TestNG.run(TestNG.java:1031)
at org.testng.remote.AbstractRemoteTestNG.run(AbstractRemoteTestNG.java:115)
at org.testng.remote.RemoteTestNG.initAndRun(RemoteTestNG.java:251)
at org.testng.remote.RemoteTestNG.main(RemoteTestNG.java:77)
]]>
            </full-stacktrace>
          </exception> <!-- java.lang.AssertionError -->
          <reporter-output>
          </reporter-output>
        </test-method> <!-- verifyregistration -->
        <test-method is-config="true" signature="tearDown()[pri:0, instance:com.nopcommerce.tests.NopCommerceTestCase@4567f35d]" started-at="2023-02-02T09:57:00 IST" name="tearDown" finished-at="2023-02-02T09:57:00 IST" duration-ms="614" status="PASS">
          <reporter-output>
          </reporter-output>
        </test-method> <!-- tearDown -->
      </class> <!-- com.nopcommerce.tests.NopCommerceTestCase -->
    </test> <!-- Test -->
  </suite> <!-- Suite -->
</testng-results>
